<?xml version="1.0" encoding="UTF-8" ?>
<testsuite errors="0" failures="0" hostname="mini-wsadik.local" name="com.wahid.algorithms.sort.TestPrimitiveIntSortAlgorithms" tests="2" time="0.074" timestamp="2013-06-11T21:39:51">
  <properties>
[...]
</properties>
  <testcase classname="com.wahid.algorithms.sort.TestPrimitiveIntSortAlgorithms" name="testSelectionSort" time="0.012" />
  <testcase classname="com.wahid.algorithms.sort.TestPrimitiveIntSortAlgorithms" name="testBuiltinSort" time="0.0020" />
  <system-out><![CDATA[]]></system-out>
  <system-err><![CDATA[]]></system-err>
</testsuite>
